[2m2026-03-14T18:16:07.687723Z[0m [33m WARN[0m [2mralph::preflight[0m[2m:[0m Config file "presets/pdd-to-code-assist.yml" not found, using defaults
[2m2026-03-14T18:16:07.692328Z[0m [33m WARN[0m [2mralph::loop_runner[0m[2m:[0m Interactive mode requested but stdout is not a TTY, falling back to autonomous
[2m2026-03-14T18:16:07.692801Z[0m [32m INFO[0m [2mralph_core::event_loop[0m[2m:[0m Memory injection check: enabled=true, inject=Auto, workspace_root="/home/raphaelm/kudoscourts"
[2m2026-03-14T18:16:07.692813Z[0m [32m INFO[0m [2mralph_core::event_loop[0m[2m:[0m Looking for memories at: "/home/raphaelm/kudoscourts/.ralph/agent/memories.md" (exists: true)
[2m2026-03-14T18:16:07.693630Z[0m [32m INFO[0m [2mralph_core::event_loop[0m[2m:[0m Successfully loaded 2 memories from store
[2m2026-03-14T18:16:07.693645Z[0m [32m INFO[0m [2mralph_core::event_loop[0m[2m:[0m Injecting 2 memories (825 chars) into prompt
[2m2026-03-14T18:16:07.693711Z[0m [32m INFO[0m [2mralph_core::event_loop[0m[2m:[0m Injecting ready tasks (0 ready, 0 open, 17 closed) into prompt
[2m2026-03-14T18:16:12.002281Z[0m [32m INFO[0m [2mralph_core::event_loop[0m[2m:[0m Memory injection check: enabled=true, inject=Auto, workspace_root="/home/raphaelm/kudoscourts"
[2m2026-03-14T18:16:12.002312Z[0m [32m INFO[0m [2mralph_core::event_loop[0m[2m:[0m Looking for memories at: "/home/raphaelm/kudoscourts/.ralph/agent/memories.md" (exists: true)
[2m2026-03-14T18:16:12.002425Z[0m [32m INFO[0m [2mralph_core::event_loop[0m[2m:[0m Successfully loaded 2 memories from store
[2m2026-03-14T18:16:12.002436Z[0m [32m INFO[0m [2mralph_core::event_loop[0m[2m:[0m Injecting 2 memories (825 chars) into prompt
[2m2026-03-14T18:16:12.002500Z[0m [32m INFO[0m [2mralph_core::event_loop[0m[2m:[0m Injecting ready tasks (0 ready, 0 open, 17 closed) into prompt
[2m2026-03-14T18:16:17.739289Z[0m [32m INFO[0m [2mralph_core::event_loop[0m[2m:[0m Memory injection check: enabled=true, inject=Auto, workspace_root="/home/raphaelm/kudoscourts"
[2m2026-03-14T18:16:17.739320Z[0m [32m INFO[0m [2mralph_core::event_loop[0m[2m:[0m Looking for memories at: "/home/raphaelm/kudoscourts/.ralph/agent/memories.md" (exists: true)
[2m2026-03-14T18:16:17.739390Z[0m [32m INFO[0m [2mralph_core::event_loop[0m[2m:[0m Successfully loaded 2 memories from store
[2m2026-03-14T18:16:17.739400Z[0m [32m INFO[0m [2mralph_core::event_loop[0m[2m:[0m Injecting 2 memories (825 chars) into prompt
[2m2026-03-14T18:16:17.739460Z[0m [32m INFO[0m [2mralph_core::event_loop[0m[2m:[0m Injecting ready tasks (0 ready, 0 open, 17 closed) into prompt
[2m2026-03-14T18:16:22.834159Z[0m [32m INFO[0m [2mralph_core::event_loop[0m[2m:[0m Memory injection check: enabled=true, inject=Auto, workspace_root="/home/raphaelm/kudoscourts"
[2m2026-03-14T18:16:22.834206Z[0m [32m INFO[0m [2mralph_core::event_loop[0m[2m:[0m Looking for memories at: "/home/raphaelm/kudoscourts/.ralph/agent/memories.md" (exists: true)
[2m2026-03-14T18:16:22.834402Z[0m [32m INFO[0m [2mralph_core::event_loop[0m[2m:[0m Successfully loaded 2 memories from store
[2m2026-03-14T18:16:22.834427Z[0m [32m INFO[0m [2mralph_core::event_loop[0m[2m:[0m Injecting 2 memories (825 chars) into prompt
[2m2026-03-14T18:16:22.834522Z[0m [32m INFO[0m [2mralph_core::event_loop[0m[2m:[0m Injecting ready tasks (0 ready, 0 open, 17 closed) into prompt
[2m2026-03-14T18:16:28.437084Z[0m [32m INFO[0m [2mralph_core::event_loop[0m[2m:[0m Memory injection check: enabled=true, inject=Auto, workspace_root="/home/raphaelm/kudoscourts"
[2m2026-03-14T18:16:28.437119Z[0m [32m INFO[0m [2mralph_core::event_loop[0m[2m:[0m Looking for memories at: "/home/raphaelm/kudoscourts/.ralph/agent/memories.md" (exists: true)
[2m2026-03-14T18:16:28.437193Z[0m [32m INFO[0m [2mralph_core::event_loop[0m[2m:[0m Successfully loaded 2 memories from store
[2m2026-03-14T18:16:28.437203Z[0m [32m INFO[0m [2mralph_core::event_loop[0m[2m:[0m Injecting 2 memories (825 chars) into prompt
[2m2026-03-14T18:16:28.437292Z[0m [32m INFO[0m [2mralph_core::event_loop[0m[2m:[0m Injecting ready tasks (0 ready, 0 open, 17 closed) into prompt
[2m2026-03-14T18:16:32.840432Z[0m [32m INFO[0m [2mralph_core::event_loop[0m[2m:[0m Wrapping up: consecutive_failures. 5 iterations in 25s. [3mreason[0m[2m=[0mconsecutive_failures [3miterations[0m[2m=[0m5 [3mduration[0m[2m=[0m25s
