2026-03-06T02:38:43.458740Z  WARN ralph::preflight: Config file "presets/pdd-to-code-assist.yml" not found, using defaults
2026-03-06T02:38:43.571795Z  INFO ralph_core::event_loop: Memory injection check: enabled=true, inject=Auto, workspace_root="/Users/raphaelm/Documents/Coding/boilerplates/next16bp"
2026-03-06T02:38:43.571823Z  INFO ralph_core::event_loop: Looking for memories at: "/Users/raphaelm/Documents/Coding/boilerplates/next16bp/.ralph/agent/memories.md" (exists: true)
2026-03-06T02:38:43.574435Z  INFO ralph_core::event_loop: Successfully loaded 1 memories from store
2026-03-06T02:38:43.574452Z  INFO ralph_core::event_loop: Injecting 1 memories (289 chars) into prompt
2026-03-06T02:38:43.574683Z  INFO ralph_core::event_loop: Injecting ready tasks (0 ready, 0 open, 14 closed) into prompt
2026-03-06T02:45:22.634350Z  INFO ralph_core::event_loop: Memory injection check: enabled=true, inject=Auto, workspace_root="/Users/raphaelm/Documents/Coding/boilerplates/next16bp"
2026-03-06T02:45:22.635083Z  INFO ralph_core::event_loop: Looking for memories at: "/Users/raphaelm/Documents/Coding/boilerplates/next16bp/.ralph/agent/memories.md" (exists: true)
2026-03-06T02:45:22.636711Z  INFO ralph_core::event_loop: Successfully loaded 1 memories from store
2026-03-06T02:45:22.636724Z  INFO ralph_core::event_loop: Injecting 1 memories (289 chars) into prompt
2026-03-06T02:45:22.636874Z  INFO ralph_core::event_loop: Injecting scratchpad (837 chars) into prompt
2026-03-06T02:45:22.637038Z  INFO ralph_core::event_loop: Injecting ready tasks (1 ready, 1 open, 15 closed) into prompt
2026-03-06T02:46:53.794145Z  INFO ralph_core::event_loop: Memory injection check: enabled=true, inject=Auto, workspace_root="/Users/raphaelm/Documents/Coding/boilerplates/next16bp"
2026-03-06T02:46:53.794313Z  INFO ralph_core::event_loop: Looking for memories at: "/Users/raphaelm/Documents/Coding/boilerplates/next16bp/.ralph/agent/memories.md" (exists: true)
2026-03-06T02:46:53.794557Z  INFO ralph_core::event_loop: Successfully loaded 1 memories from store
2026-03-06T02:46:53.794569Z  INFO ralph_core::event_loop: Injecting 1 memories (289 chars) into prompt
2026-03-06T02:46:53.794773Z  INFO ralph_core::event_loop: Injecting scratchpad (1070 chars) into prompt
2026-03-06T02:46:53.794958Z  INFO ralph_core::event_loop: Injecting ready tasks (0 ready, 0 open, 16 closed) into prompt
2026-03-06T02:47:56.932500Z  INFO ralph_core::event_loop: Completion event detected in JSONL topic=LOOP_COMPLETE
2026-03-06T02:47:56.932997Z  INFO ralph_core::event_loop: Completion event detected - terminating
2026-03-06T02:47:56.933019Z  INFO ralph::loop_runner: Completion event LOOP_COMPLETE detected.
2026-03-06T02:47:56.933286Z  INFO ralph_core::event_loop: Wrapping up: completed. 3 iterations in 9m 13s. reason=completed iterations=3 duration=9m 13s
2026-03-06T02:47:56.949025Z  INFO ralph_core::landing: Beginning landing sequence loop_id=primary
2026-03-06T02:47:57.080395Z  INFO ralph_core::landing: Auto-committed changes during landing loop_id=primary commit=Some("9ce24a0e6192baf2a683b99160e1f330253e42c9") files=17
2026-03-06T02:48:00.558668Z  INFO ralph_core::landing: Generated handoff file loop_id=primary path=/Users/raphaelm/Documents/Coding/boilerplates/next16bp/.ralph/agent/handoff.md completed=16 open=0
2026-03-06T02:48:00.589627Z  INFO ralph_core::loop_completion: Landing completed with auto-commit commit=Some("9ce24a0e6192baf2a683b99160e1f330253e42c9") handoff=/Users/raphaelm/Documents/Coding/boilerplates/next16bp/.ralph/agent/handoff.md
2026-03-06T02:48:00.589652Z  INFO ralph::loop_runner: Primary loop landed successfully committed=true handoff=/Users/raphaelm/Documents/Coding/boilerplates/next16bp/.ralph/agent/handoff.md open_tasks=0
