2026-03-05T18:10:28.759735Z  WARN ralph::preflight: Config file "presets/spec-driven.yml" not found, using defaults
2026-03-05T18:10:28.869607Z  INFO ralph_core::event_loop: Memory injection check: enabled=true, inject=Auto, workspace_root="/Users/raphaelm/Documents/Coding/boilerplates/next16bp"
2026-03-05T18:10:28.869661Z  INFO ralph_core::event_loop: Looking for memories at: "/Users/raphaelm/Documents/Coding/boilerplates/next16bp/.ralph/agent/memories.md" (exists: false)
2026-03-05T18:10:28.869674Z  INFO ralph_core::event_loop: Successfully loaded 0 memories from store
2026-03-05T18:10:28.869686Z  INFO ralph_core::event_loop: Memory store is empty - no memories to inject
2026-03-05T18:15:38.984156Z  INFO ralph_core::event_loop: Memory injection check: enabled=true, inject=Auto, workspace_root="/Users/raphaelm/Documents/Coding/boilerplates/next16bp"
2026-03-05T18:15:38.985051Z  INFO ralph_core::event_loop: Looking for memories at: "/Users/raphaelm/Documents/Coding/boilerplates/next16bp/.ralph/agent/memories.md" (exists: true)
2026-03-05T18:15:38.988547Z  INFO ralph_core::event_loop: Successfully loaded 1 memories from store
2026-03-05T18:15:38.988561Z  INFO ralph_core::event_loop: Injecting 1 memories (289 chars) into prompt
2026-03-05T18:15:38.988879Z  INFO ralph_core::event_loop: Injecting scratchpad (1669 chars) into prompt
2026-03-05T18:15:38.989084Z  INFO ralph_core::event_loop: Injecting ready tasks (13 ready, 13 open, 1 closed) into prompt
2026-03-05T18:26:44.122421Z  INFO ralph_core::event_loop: Memory injection check: enabled=true, inject=Auto, workspace_root="/Users/raphaelm/Documents/Coding/boilerplates/next16bp"
2026-03-05T18:26:44.122807Z  INFO ralph_core::event_loop: Looking for memories at: "/Users/raphaelm/Documents/Coding/boilerplates/next16bp/.ralph/agent/memories.md" (exists: true)
2026-03-05T18:26:44.124086Z  INFO ralph_core::event_loop: Successfully loaded 1 memories from store
2026-03-05T18:26:44.124099Z  INFO ralph_core::event_loop: Injecting 1 memories (289 chars) into prompt
2026-03-05T18:26:44.124154Z  INFO ralph_core::event_loop: Injecting scratchpad (2669 chars) into prompt
2026-03-05T18:26:44.124223Z  INFO ralph_core::event_loop: Injecting ready tasks (12 ready, 12 open, 2 closed) into prompt
2026-03-05T18:35:12.660969Z  INFO ralph_core::event_loop: Memory injection check: enabled=true, inject=Auto, workspace_root="/Users/raphaelm/Documents/Coding/boilerplates/next16bp"
2026-03-05T18:35:12.661192Z  INFO ralph_core::event_loop: Looking for memories at: "/Users/raphaelm/Documents/Coding/boilerplates/next16bp/.ralph/agent/memories.md" (exists: true)
2026-03-05T18:35:12.661892Z  INFO ralph_core::event_loop: Successfully loaded 1 memories from store
2026-03-05T18:35:12.661905Z  INFO ralph_core::event_loop: Injecting 1 memories (289 chars) into prompt
2026-03-05T18:35:12.662034Z  INFO ralph_core::event_loop: Injecting scratchpad (4118 chars) into prompt
2026-03-05T18:35:12.662215Z  INFO ralph_core::event_loop: Injecting ready tasks (11 ready, 11 open, 3 closed) into prompt
2026-03-05T18:41:51.671093Z  INFO ralph_core::event_loop: Memory injection check: enabled=true, inject=Auto, workspace_root="/Users/raphaelm/Documents/Coding/boilerplates/next16bp"
2026-03-05T18:41:51.671130Z  INFO ralph_core::event_loop: Looking for memories at: "/Users/raphaelm/Documents/Coding/boilerplates/next16bp/.ralph/agent/memories.md" (exists: true)
2026-03-05T18:41:51.671661Z  INFO ralph_core::event_loop: Successfully loaded 1 memories from store
2026-03-05T18:41:51.671675Z  INFO ralph_core::event_loop: Injecting 1 memories (289 chars) into prompt
2026-03-05T18:41:51.671713Z  INFO ralph_core::event_loop: Injecting scratchpad (5347 chars) into prompt
2026-03-05T18:41:51.671917Z  INFO ralph_core::event_loop: Injecting ready tasks (10 ready, 10 open, 4 closed) into prompt
2026-03-05T18:47:42.414597Z  INFO ralph_core::event_loop: Memory injection check: enabled=true, inject=Auto, workspace_root="/Users/raphaelm/Documents/Coding/boilerplates/next16bp"
2026-03-05T18:47:42.414633Z  INFO ralph_core::event_loop: Looking for memories at: "/Users/raphaelm/Documents/Coding/boilerplates/next16bp/.ralph/agent/memories.md" (exists: true)
2026-03-05T18:47:42.415839Z  INFO ralph_core::event_loop: Successfully loaded 1 memories from store
2026-03-05T18:47:42.415852Z  INFO ralph_core::event_loop: Injecting 1 memories (289 chars) into prompt
2026-03-05T18:47:42.415887Z  INFO ralph_core::event_loop: Injecting scratchpad (6979 chars) into prompt
2026-03-05T18:47:42.415961Z  INFO ralph_core::event_loop: Injecting ready tasks (9 ready, 9 open, 5 closed) into prompt
2026-03-05T18:53:15.095897Z  INFO ralph_core::event_loop: Memory injection check: enabled=true, inject=Auto, workspace_root="/Users/raphaelm/Documents/Coding/boilerplates/next16bp"
2026-03-05T18:53:15.096103Z  INFO ralph_core::event_loop: Looking for memories at: "/Users/raphaelm/Documents/Coding/boilerplates/next16bp/.ralph/agent/memories.md" (exists: true)
2026-03-05T18:53:15.096666Z  INFO ralph_core::event_loop: Successfully loaded 1 memories from store
2026-03-05T18:53:15.096692Z  INFO ralph_core::event_loop: Injecting 1 memories (289 chars) into prompt
2026-03-05T18:53:15.096745Z  INFO ralph_core::event_loop: Injecting scratchpad (8338 chars) into prompt
2026-03-05T18:53:15.096998Z  INFO ralph_core::event_loop: Injecting ready tasks (8 ready, 8 open, 6 closed) into prompt
2026-03-05T19:01:43.556332Z  INFO ralph_core::event_loop: Memory injection check: enabled=true, inject=Auto, workspace_root="/Users/raphaelm/Documents/Coding/boilerplates/next16bp"
2026-03-05T19:01:43.556744Z  INFO ralph_core::event_loop: Looking for memories at: "/Users/raphaelm/Documents/Coding/boilerplates/next16bp/.ralph/agent/memories.md" (exists: true)
2026-03-05T19:01:43.558160Z  INFO ralph_core::event_loop: Successfully loaded 1 memories from store
2026-03-05T19:01:43.558176Z  INFO ralph_core::event_loop: Injecting 1 memories (289 chars) into prompt
2026-03-05T19:01:43.558224Z  INFO ralph_core::event_loop: Injecting scratchpad (10158 chars) into prompt
2026-03-05T19:01:43.558299Z  INFO ralph_core::event_loop: Injecting ready tasks (7 ready, 7 open, 7 closed) into prompt
2026-03-05T19:05:58.972965Z  INFO ralph_core::event_loop: Memory injection check: enabled=true, inject=Auto, workspace_root="/Users/raphaelm/Documents/Coding/boilerplates/next16bp"
2026-03-05T19:05:58.973974Z  INFO ralph_core::event_loop: Looking for memories at: "/Users/raphaelm/Documents/Coding/boilerplates/next16bp/.ralph/agent/memories.md" (exists: true)
2026-03-05T19:05:58.974706Z  INFO ralph_core::event_loop: Successfully loaded 1 memories from store
2026-03-05T19:05:58.974729Z  INFO ralph_core::event_loop: Injecting 1 memories (289 chars) into prompt
2026-03-05T19:05:58.975008Z  INFO ralph_core::event_loop: Injecting scratchpad (11365 chars) into prompt
2026-03-05T19:05:58.975303Z  INFO ralph_core::event_loop: Injecting ready tasks (6 ready, 6 open, 8 closed) into prompt
2026-03-05T19:10:37.779778Z  INFO ralph_core::event_loop: Memory injection check: enabled=true, inject=Auto, workspace_root="/Users/raphaelm/Documents/Coding/boilerplates/next16bp"
2026-03-05T19:10:37.780002Z  INFO ralph_core::event_loop: Looking for memories at: "/Users/raphaelm/Documents/Coding/boilerplates/next16bp/.ralph/agent/memories.md" (exists: true)
2026-03-05T19:10:37.780304Z  INFO ralph_core::event_loop: Successfully loaded 1 memories from store
2026-03-05T19:10:37.780321Z  INFO ralph_core::event_loop: Injecting 1 memories (289 chars) into prompt
2026-03-05T19:10:37.780501Z  INFO ralph_core::event_loop: Injecting scratchpad (12541 chars) into prompt
2026-03-05T19:10:37.780723Z  INFO ralph_core::event_loop: Injecting ready tasks (5 ready, 5 open, 9 closed) into prompt
2026-03-05T19:14:54.215729Z  INFO ralph_core::event_loop: Memory injection check: enabled=true, inject=Auto, workspace_root="/Users/raphaelm/Documents/Coding/boilerplates/next16bp"
2026-03-05T19:14:54.215905Z  INFO ralph_core::event_loop: Looking for memories at: "/Users/raphaelm/Documents/Coding/boilerplates/next16bp/.ralph/agent/memories.md" (exists: true)
2026-03-05T19:14:54.216340Z  INFO ralph_core::event_loop: Successfully loaded 1 memories from store
2026-03-05T19:14:54.216378Z  INFO ralph_core::event_loop: Injecting 1 memories (289 chars) into prompt
2026-03-05T19:14:54.216432Z  INFO ralph_core::event_loop: Injecting scratchpad (13506 chars) into prompt
2026-03-05T19:14:54.216679Z  INFO ralph_core::event_loop: Injecting ready tasks (4 ready, 4 open, 10 closed) into prompt
2026-03-05T19:18:36.393970Z  INFO ralph_core::event_loop: Memory injection check: enabled=true, inject=Auto, workspace_root="/Users/raphaelm/Documents/Coding/boilerplates/next16bp"
2026-03-05T19:18:36.394804Z  INFO ralph_core::event_loop: Looking for memories at: "/Users/raphaelm/Documents/Coding/boilerplates/next16bp/.ralph/agent/memories.md" (exists: true)
2026-03-05T19:18:36.395368Z  INFO ralph_core::event_loop: Successfully loaded 1 memories from store
2026-03-05T19:18:36.395387Z  INFO ralph_core::event_loop: Injecting 1 memories (289 chars) into prompt
2026-03-05T19:18:36.395439Z  INFO ralph_core::event_loop: Injecting scratchpad (14858 chars) into prompt
2026-03-05T19:18:36.395522Z  INFO ralph_core::event_loop: Injecting ready tasks (3 ready, 3 open, 11 closed) into prompt
2026-03-05T19:23:37.181830Z  INFO ralph_core::event_loop: Memory injection check: enabled=true, inject=Auto, workspace_root="/Users/raphaelm/Documents/Coding/boilerplates/next16bp"
2026-03-05T19:23:37.182018Z  INFO ralph_core::event_loop: Looking for memories at: "/Users/raphaelm/Documents/Coding/boilerplates/next16bp/.ralph/agent/memories.md" (exists: true)
2026-03-05T19:23:37.182443Z  INFO ralph_core::event_loop: Successfully loaded 1 memories from store
2026-03-05T19:23:37.182457Z  INFO ralph_core::event_loop: Injecting 1 memories (289 chars) into prompt
2026-03-05T19:23:37.182510Z  INFO ralph_core::event_loop: Injecting scratchpad (16068 chars) into prompt
2026-03-05T19:23:37.182895Z  INFO ralph_core::event_loop: Injecting ready tasks (2 ready, 2 open, 12 closed) into prompt
2026-03-05T19:30:17.018505Z  INFO ralph_core::event_loop: Memory injection check: enabled=true, inject=Auto, workspace_root="/Users/raphaelm/Documents/Coding/boilerplates/next16bp"
2026-03-05T19:30:17.018772Z  INFO ralph_core::event_loop: Looking for memories at: "/Users/raphaelm/Documents/Coding/boilerplates/next16bp/.ralph/agent/memories.md" (exists: true)
2026-03-05T19:30:17.019264Z  INFO ralph_core::event_loop: Successfully loaded 1 memories from store
2026-03-05T19:30:17.019290Z  INFO ralph_core::event_loop: Injecting 1 memories (289 chars) into prompt
2026-03-05T19:30:17.019350Z  INFO ralph_core::event_loop: Injecting scratchpad (16244 chars) into prompt
2026-03-05T19:30:17.019452Z  INFO ralph_core::event_loop: Injecting ready tasks (1 ready, 1 open, 13 closed) into prompt
2026-03-05T19:32:18.304428Z  INFO ralph_core::event_loop: Completion event detected in JSONL topic=LOOP_COMPLETE
2026-03-05T19:32:18.305510Z  INFO ralph_core::event_loop: Completion event detected - terminating
2026-03-05T19:32:18.305973Z  INFO ralph::loop_runner: Completion event LOOP_COMPLETE detected.
2026-03-05T19:32:18.307162Z  INFO ralph_core::event_loop: Wrapping up: completed. 14 iterations in 1h 21m 49s. reason=completed iterations=14 duration=1h 21m 49s
2026-03-05T19:32:18.327354Z  INFO ralph_core::landing: Beginning landing sequence loop_id=primary
