[2m2026-03-14T19:12:44.641310Z[0m [33m WARN[0m [2mralph::preflight[0m[2m:[0m Config file "presets/pdd-to-code-assist.yml" not found, using defaults
[2m2026-03-14T19:12:44.646096Z[0m [33m WARN[0m [2mralph::loop_runner[0m[2m:[0m Interactive mode requested but stdout is not a TTY, falling back to autonomous
[2m2026-03-14T19:12:44.646728Z[0m [32m INFO[0m [2mralph_core::event_loop[0m[2m:[0m Memory injection check: enabled=true, inject=Auto, workspace_root="/home/raphaelm/kudoscourts"
[2m2026-03-14T19:12:44.646744Z[0m [32m INFO[0m [2mralph_core::event_loop[0m[2m:[0m Looking for memories at: "/home/raphaelm/kudoscourts/.ralph/agent/memories.md" (exists: true)
[2m2026-03-14T19:12:44.647717Z[0m [32m INFO[0m [2mralph_core::event_loop[0m[2m:[0m Successfully loaded 3 memories from store
[2m2026-03-14T19:12:44.647743Z[0m [32m INFO[0m [2mralph_core::event_loop[0m[2m:[0m Injecting 3 memories (1283 chars) into prompt
[2m2026-03-14T19:12:44.647842Z[0m [32m INFO[0m [2mralph_core::event_loop[0m[2m:[0m Injecting ready tasks (0 ready, 0 open, 18 closed) into prompt
[2m2026-03-14T19:28:28.438365Z[0m [33m WARN[0m [2mralph_core::event_loop[0m[2m:[0m build.done rejected: missing backpressure evidence
[2m2026-03-14T19:28:28.440346Z[0m [32m INFO[0m [2mralph_core::event_loop[0m[2m:[0m Memory injection check: enabled=true, inject=Auto, workspace_root="/home/raphaelm/kudoscourts"
[2m2026-03-14T19:28:28.440362Z[0m [32m INFO[0m [2mralph_core::event_loop[0m[2m:[0m Looking for memories at: "/home/raphaelm/kudoscourts/.ralph/agent/memories.md" (exists: true)
[2m2026-03-14T19:28:28.440447Z[0m [32m INFO[0m [2mralph_core::event_loop[0m[2m:[0m Successfully loaded 9 memories from store
[2m2026-03-14T19:28:28.440459Z[0m [32m INFO[0m [2mralph_core::event_loop[0m[2m:[0m Injecting 9 memories (3334 chars) into prompt
[2m2026-03-14T19:28:28.440485Z[0m [32m INFO[0m [2mralph_core::event_loop[0m[2m:[0m Injecting scratchpad (3428 chars) into prompt
[2m2026-03-14T19:28:28.440531Z[0m [32m INFO[0m [2mralph_core::event_loop[0m[2m:[0m Injecting ready tasks (0 ready, 0 open, 19 closed) into prompt
[2m2026-03-14T19:34:51.498544Z[0m [32m INFO[0m [2mralph_core::event_loop[0m[2m:[0m Memory injection check: enabled=true, inject=Auto, workspace_root="/home/raphaelm/kudoscourts"
[2m2026-03-14T19:34:51.498584Z[0m [32m INFO[0m [2mralph_core::event_loop[0m[2m:[0m Looking for memories at: "/home/raphaelm/kudoscourts/.ralph/agent/memories.md" (exists: true)
[2m2026-03-14T19:34:51.498670Z[0m [32m INFO[0m [2mralph_core::event_loop[0m[2m:[0m Successfully loaded 11 memories from store
[2m2026-03-14T19:34:51.498683Z[0m [32m INFO[0m [2mralph_core::event_loop[0m[2m:[0m Injecting 11 memories (4072 chars) into prompt
[2m2026-03-14T19:34:51.498707Z[0m [32m INFO[0m [2mralph_core::event_loop[0m[2m:[0m Injecting scratchpad (5420 chars) into prompt
[2m2026-03-14T19:34:51.498753Z[0m [32m INFO[0m [2mralph_core::event_loop[0m[2m:[0m Injecting ready tasks (0 ready, 0 open, 20 closed) into prompt
[2m2026-03-14T19:37:00.528761Z[0m [32m INFO[0m [2mralph_core::event_loop[0m[2m:[0m Memory injection check: enabled=true, inject=Auto, workspace_root="/home/raphaelm/kudoscourts"
[2m2026-03-14T19:37:00.528800Z[0m [32m INFO[0m [2mralph_core::event_loop[0m[2m:[0m Looking for memories at: "/home/raphaelm/kudoscourts/.ralph/agent/memories.md" (exists: true)
[2m2026-03-14T19:37:00.528920Z[0m [32m INFO[0m [2mralph_core::event_loop[0m[2m:[0m Successfully loaded 11 memories from store
[2m2026-03-14T19:37:00.528945Z[0m [32m INFO[0m [2mralph_core::event_loop[0m[2m:[0m Injecting 11 memories (4072 chars) into prompt
[2m2026-03-14T19:37:00.528987Z[0m [32m INFO[0m [2mralph_core::event_loop[0m[2m:[0m Injecting scratchpad (6905 chars) into prompt
[2m2026-03-14T19:37:00.529063Z[0m [32m INFO[0m [2mralph_core::event_loop[0m[2m:[0m Injecting ready tasks (0 ready, 0 open, 21 closed) into prompt
[2m2026-03-14T19:38:50.309831Z[0m [33m WARN[0m [2mralph_core::event_loop[0m[2m:[0m Stale loop detected: same event signature emitted consecutively [3mtopic[0m[2m=[0m"build.done" [3mcount[0m[2m=[0m3
[2m2026-03-14T19:38:50.309870Z[0m [32m INFO[0m [2mralph_core::event_loop[0m[2m:[0m Wrapping up: loop_stale. 4 iterations in 26m 5s. [3mreason[0m[2m=[0mloop_stale [3miterations[0m[2m=[0m4 [3mduration[0m[2m=[0m26m 5s
