
> next16bp@0.1.0 scrape:curated:run:facebook /home/raphaelm/kudoscourts
> dotenvx run --env-file=.env.production -- tsx scripts/run-curated-facebook-ingestion.ts -- --scope-source artifact:url

[dotenvx@1.51.4] injecting env (52) from .env.production

=== FACEBOOK RUN batangas / batangas-city ===
Skipping completed Facebook scope: batangas / batangas-city

=== FACEBOOK RUN batangas / lipa-city ===
Skipping completed Facebook scope: batangas / lipa-city

=== FACEBOOK RUN batangas / nasugbu ===
Skipping completed Facebook scope: batangas / nasugbu

=== FACEBOOK RUN batangas / santo-tomas ===
Skipping completed Facebook scope: batangas / santo-tomas

=== FACEBOOK RUN batangas / tanauan-city ===
Skipping completed Facebook scope: batangas / tanauan-city

=== FACEBOOK RUN benguet / baguio-city ===
Skipping completed Facebook scope: benguet / baguio-city

=== FACEBOOK RUN bulacan / baliuag ===
Skipping completed Facebook scope: bulacan / baliuag

=== FACEBOOK RUN bulacan / bocaue ===
Skipping completed Facebook scope: bulacan / bocaue

=== FACEBOOK RUN bulacan / bustos ===
Skipping completed Facebook scope: bulacan / bustos

=== FACEBOOK RUN bulacan / calumpit ===
Skipping completed Facebook scope: bulacan / calumpit

=== FACEBOOK RUN bulacan / guiguinto ===
Skipping completed Facebook scope: bulacan / guiguinto

=== FACEBOOK RUN bulacan / malolos-city ===
Skipping completed Facebook scope: bulacan / malolos-city

=== FACEBOOK RUN bulacan / marilao ===
Skipping completed Facebook scope: bulacan / marilao

=== FACEBOOK RUN bulacan / meycauayan-city ===
Skipping completed Facebook scope: bulacan / meycauayan-city

=== FACEBOOK RUN bulacan / pandi ===
Skipping completed Facebook scope: bulacan / pandi

=== FACEBOOK RUN bulacan / paombong ===
Skipping completed Facebook scope: bulacan / paombong

=== FACEBOOK RUN bulacan / plaridel ===
Skipping completed Facebook scope: bulacan / plaridel

=== FACEBOOK RUN bulacan / pulilan ===
Skipping completed Facebook scope: bulacan / pulilan

=== FACEBOOK RUN bulacan / san-jose-del-monte-city ===
Skipping completed Facebook scope: bulacan / san-jose-del-monte-city

=== FACEBOOK RUN bulacan / santa-maria ===
Skipping completed Facebook scope: bulacan / santa-maria

=== FACEBOOK RUN cavite / bacoor-city ===
Skipping completed Facebook scope: cavite / bacoor-city

=== FACEBOOK RUN cavite / carmona ===
Skipping completed Facebook scope: cavite / carmona

=== FACEBOOK RUN cavite / dasmarinas-city ===
Skipping completed Facebook scope: cavite / dasmarinas-city

=== FACEBOOK RUN cavite / general-trias-city ===
Skipping completed Facebook scope: cavite / general-trias-city

=== FACEBOOK RUN cavite / imus-city ===
Skipping completed Facebook scope: cavite / imus-city

=== FACEBOOK RUN cavite / kawit ===
Skipping completed Facebook scope: cavite / kawit

=== FACEBOOK RUN cavite / naic ===
Skipping completed Facebook scope: cavite / naic

=== FACEBOOK RUN cavite / noveleta ===
Skipping completed Facebook scope: cavite / noveleta

=== FACEBOOK RUN cavite / silang ===
Skipping completed Facebook scope: cavite / silang

=== FACEBOOK RUN cavite / tagaytay-city ===
Skipping completed Facebook scope: cavite / tagaytay-city

=== FACEBOOK RUN cavite / tanza ===
Skipping completed Facebook scope: cavite / tanza

=== FACEBOOK RUN cavite / trece-martires-city ===
Skipping completed Facebook scope: cavite / trece-martires-city

=== FACEBOOK RUN cebu / carcar-city ===
Skipping completed Facebook scope: cebu / carcar-city

=== FACEBOOK RUN cebu / cebu-city ===
Skipping completed Facebook scope: cebu / cebu-city

=== FACEBOOK RUN cebu / compostela ===
Skipping completed Facebook scope: cebu / compostela

=== FACEBOOK RUN cebu / consolacion ===
Skipping completed Facebook scope: cebu / consolacion

=== FACEBOOK RUN cebu / cordoba ===
Skipping completed Facebook scope: cebu / cordoba

=== FACEBOOK RUN cebu / danao-city ===
Skipping completed Facebook scope: cebu / danao-city

=== FACEBOOK RUN cebu / lapu-lapu-city-opon ===
Skipping completed Facebook scope: cebu / lapu-lapu-city-opon

=== FACEBOOK RUN cebu / liloan ===
Skipping completed Facebook scope: cebu / liloan

=== FACEBOOK RUN cebu / mandaue-city ===
Skipping completed Facebook scope: cebu / mandaue-city

=== FACEBOOK RUN cebu / minglanilla ===
Skipping completed Facebook scope: cebu / minglanilla

=== FACEBOOK RUN cebu / naga-city ===
Skipping completed Facebook scope: cebu / naga-city

=== FACEBOOK RUN cebu / talisay-city ===
Skipping completed Facebook scope: cebu / talisay-city

=== FACEBOOK RUN davao-del-sur / bansalan ===
Skipping completed Facebook scope: davao-del-sur / bansalan

=== FACEBOOK RUN davao-del-sur / davao-city ===
Skipping completed Facebook scope: davao-del-sur / davao-city

=== FACEBOOK RUN davao-del-sur / digos-city ===
Skipping completed Facebook scope: davao-del-sur / digos-city

=== FACEBOOK RUN davao-del-sur / hagonoy ===
Skipping completed Facebook scope: davao-del-sur / hagonoy

=== FACEBOOK RUN davao-del-sur / malalag ===
Skipping completed Facebook scope: davao-del-sur / malalag

=== FACEBOOK RUN davao-del-sur / matanao ===
Skipping completed Facebook scope: davao-del-sur / matanao

=== FACEBOOK RUN davao-del-sur / padada ===
Skipping completed Facebook scope: davao-del-sur / padada

=== FACEBOOK RUN davao-del-sur / santa-cruz ===
Skipping completed Facebook scope: davao-del-sur / santa-cruz

=== FACEBOOK RUN iloilo / cabatuan ===
Skipping completed Facebook scope: iloilo / cabatuan

=== FACEBOOK RUN iloilo / dumangas ===
Skipping completed Facebook scope: iloilo / dumangas

=== FACEBOOK RUN iloilo / iloilo-city ===
Skipping completed Facebook scope: iloilo / iloilo-city

=== FACEBOOK RUN iloilo / janiuay ===
Skipping completed Facebook scope: iloilo / janiuay

=== FACEBOOK RUN iloilo / leganes ===
Skipping completed Facebook scope: iloilo / leganes

=== FACEBOOK RUN iloilo / maasin ===
Skipping completed Facebook scope: iloilo / maasin

=== FACEBOOK RUN iloilo / miagao ===
Skipping completed Facebook scope: iloilo / miagao

=== FACEBOOK RUN iloilo / oton ===
Skipping completed Facebook scope: iloilo / oton

=== FACEBOOK RUN iloilo / pavia ===
Skipping completed Facebook scope: iloilo / pavia

=== FACEBOOK RUN iloilo / pototan ===
Skipping completed Facebook scope: iloilo / pototan

=== FACEBOOK RUN iloilo / san-rafael ===
Skipping completed Facebook scope: iloilo / san-rafael

=== FACEBOOK RUN iloilo / santa-barbara ===
Skipping completed Facebook scope: iloilo / santa-barbara

=== FACEBOOK RUN iloilo / tigbauan ===
Skipping completed Facebook scope: iloilo / tigbauan

=== FACEBOOK RUN iloilo / zarraga ===
Skipping completed Facebook scope: iloilo / zarraga

=== FACEBOOK RUN laguna / cabuyao-city ===
Skipping completed Facebook scope: laguna / cabuyao-city

=== FACEBOOK RUN laguna / calamba-city ===
Skipping completed Facebook scope: laguna / calamba-city

=== FACEBOOK RUN laguna / city-of-binan ===
Skipping completed Facebook scope: laguna / city-of-binan

=== FACEBOOK RUN laguna / los-banos ===
Skipping completed Facebook scope: laguna / los-banos

=== FACEBOOK RUN laguna / san-pablo-city ===
Skipping completed Facebook scope: laguna / san-pablo-city

=== FACEBOOK RUN laguna / san-pedro-city ===
Skipping completed Facebook scope: laguna / san-pedro-city

=== FACEBOOK RUN laguna / santa-cruz ===
Skipping completed Facebook scope: laguna / santa-cruz

=== FACEBOOK RUN laguna / santa-rosa-city ===
Skipping completed Facebook scope: laguna / santa-rosa-city

=== FACEBOOK RUN metro-manila / caloocan-city ===
Skipping completed Facebook scope: metro-manila / caloocan-city

=== FACEBOOK RUN metro-manila / city-of-las-pinas ===
Skipping completed Facebook scope: metro-manila / city-of-las-pinas

=== FACEBOOK RUN metro-manila / city-of-makati ===
Skipping completed Facebook scope: metro-manila / city-of-makati

=== FACEBOOK RUN metro-manila / city-of-mandaluyong ===
Skipping completed Facebook scope: metro-manila / city-of-mandaluyong

=== FACEBOOK RUN metro-manila / city-of-marikina ===
Skipping completed Facebook scope: metro-manila / city-of-marikina

=== FACEBOOK RUN metro-manila / city-of-muntinlupa ===
Skipping completed Facebook scope: metro-manila / city-of-muntinlupa

=== FACEBOOK RUN metro-manila / city-of-paranaque ===
Skipping completed Facebook scope: metro-manila / city-of-paranaque

=== FACEBOOK RUN metro-manila / city-of-pasig ===
Skipping completed Facebook scope: metro-manila / city-of-pasig

=== FACEBOOK RUN metro-manila / city-of-valenzuela ===
Skipping completed Facebook scope: metro-manila / city-of-valenzuela

=== FACEBOOK RUN metro-manila / malabon-city ===
Skipping completed Facebook scope: metro-manila / malabon-city

=== FACEBOOK RUN metro-manila / manila ===
Skipping completed Facebook scope: metro-manila / manila

=== FACEBOOK RUN metro-manila / navotas-city ===
Skipping completed Facebook scope: metro-manila / navotas-city

=== FACEBOOK RUN metro-manila / pasay-city ===
Skipping completed Facebook scope: metro-manila / pasay-city

=== FACEBOOK RUN metro-manila / pateros ===
Skipping completed Facebook scope: metro-manila / pateros

=== FACEBOOK RUN metro-manila / quezon-city ===
Skipping completed Facebook scope: metro-manila / quezon-city

=== FACEBOOK RUN metro-manila / san-juan-city ===
Skipping completed Facebook scope: metro-manila / san-juan-city

=== FACEBOOK RUN metro-manila / taguig ===
Skipping completed Facebook scope: metro-manila / taguig

=== FACEBOOK RUN negros-oriental / bacong ===
Skipping completed Facebook scope: negros-oriental / bacong

=== FACEBOOK RUN negros-oriental / bais-city ===
Skipping completed Facebook scope: negros-oriental / bais-city

=== FACEBOOK RUN negros-oriental / bayawan-city-tulong ===
Skipping completed Facebook scope: negros-oriental / bayawan-city-tulong

=== FACEBOOK RUN negros-oriental / canlaon-city ===
Skipping completed Facebook scope: negros-oriental / canlaon-city

=== FACEBOOK RUN negros-oriental / dauin ===
Skipping completed Facebook scope: negros-oriental / dauin

=== FACEBOOK RUN negros-oriental / dumaguete-city ===
Skipping completed Facebook scope: negros-oriental / dumaguete-city

=== FACEBOOK RUN negros-oriental / mabinay ===
Skipping completed Facebook scope: negros-oriental / mabinay

=== FACEBOOK RUN negros-oriental / pamplona ===
Skipping completed Facebook scope: negros-oriental / pamplona

=== FACEBOOK RUN negros-oriental / san-jose ===
Skipping completed Facebook scope: negros-oriental / san-jose

=== FACEBOOK RUN negros-oriental / santa-catalina ===
Skipping completed Facebook scope: negros-oriental / santa-catalina

=== FACEBOOK RUN negros-oriental / siaton ===
Skipping completed Facebook scope: negros-oriental / siaton

=== FACEBOOK RUN negros-oriental / sibulan ===
Skipping completed Facebook scope: negros-oriental / sibulan

=== FACEBOOK RUN negros-oriental / tanjay-city ===
Skipping completed Facebook scope: negros-oriental / tanjay-city

=== FACEBOOK RUN negros-oriental / valencia-luzurriaga ===
Skipping completed Facebook scope: negros-oriental / valencia-luzurriaga

=== FACEBOOK RUN negros-oriental / vallehermoso ===
Skipping completed Facebook scope: negros-oriental / vallehermoso

=== FACEBOOK RUN negros-oriental / zamboanguita ===
Skipping completed Facebook scope: negros-oriental / zamboanguita

=== FACEBOOK RUN pampanga / angeles-city ===
Skipping completed Facebook scope: pampanga / angeles-city

=== FACEBOOK RUN pampanga / floridablanca ===
Skipping completed Facebook scope: pampanga / floridablanca

=== FACEBOOK RUN pampanga / guagua ===
Skipping completed Facebook scope: pampanga / guagua

=== FACEBOOK RUN pampanga / lubao ===
Skipping completed Facebook scope: pampanga / lubao

=== FACEBOOK RUN pampanga / mabalacat-city ===
Skipping completed Facebook scope: pampanga / mabalacat-city

=== FACEBOOK RUN pampanga / magalang ===
Skipping completed Facebook scope: pampanga / magalang

=== FACEBOOK RUN pampanga / mexico ===
Skipping completed Facebook scope: pampanga / mexico

=== FACEBOOK RUN pampanga / porac ===
Skipping completed Facebook scope: pampanga / porac

=== FACEBOOK RUN pampanga / san-fernando-city ===
Skipping completed Facebook scope: pampanga / san-fernando-city

=== FACEBOOK RUN rizal / angono ===
Skipping completed Facebook scope: rizal / angono

=== FACEBOOK RUN rizal / baras ===
Skipping completed Facebook scope: rizal / baras

=== FACEBOOK RUN rizal / binangonan ===
Skipping completed Facebook scope: rizal / binangonan

=== FACEBOOK RUN rizal / cainta ===
Skipping completed Facebook scope: rizal / cainta

=== FACEBOOK RUN rizal / cardona ===
Skipping completed Facebook scope: rizal / cardona

=== FACEBOOK RUN rizal / city-of-antipolo ===
Skipping completed Facebook scope: rizal / city-of-antipolo

=== FACEBOOK RUN rizal / jala-jala ===
Skipping completed Facebook scope: rizal / jala-jala

=== FACEBOOK RUN rizal / morong ===
Skipping completed Facebook scope: rizal / morong

=== FACEBOOK RUN rizal / pililla ===
Skipping completed Facebook scope: rizal / pililla

=== FACEBOOK RUN rizal / rodriguez-montalban ===
Skipping completed Facebook scope: rizal / rodriguez-montalban

=== FACEBOOK RUN rizal / san-mateo ===
Skipping completed Facebook scope: rizal / san-mateo

=== FACEBOOK RUN rizal / tanay ===
Skipping completed Facebook scope: rizal / tanay

=== FACEBOOK RUN rizal / taytay ===
Skipping completed Facebook scope: rizal / taytay

=== FACEBOOK RUN rizal / teresa ===
Skipping completed Facebook scope: rizal / teresa

=== Facebook Curated Ingestion Runner Summary ===
Completed scopes: 0
Skipped scopes: 130
Failed scopes: 0
